<?xml version="1.0" encoding="UTF-8"?>
<testsuite name="com.olympusgate.DockerComposeTest" tests="4" skipped="0" failures="0" errors="0" timestamp="2026-05-30T20:18:21" hostname="sysoutMac.local" time="0.001">
  <properties/>
  <testcase name="docker-compose file should exist()" classname="com.olympusgate.DockerComposeTest" time="0.0"/>
  <testcase name="env example file should exist()" classname="com.olympusgate.DockerComposeTest" time="0.001"/>
  <testcase name="docker-compose should contain redis service()" classname="com.olympusgate.DockerComposeTest" time="0.0"/>
  <testcase name="docker-compose should contain postgresql service()" classname="com.olympusgate.DockerComposeTest" time="0.0"/>
  <system-out><![CDATA[]]></system-out>
  <system-err><![CDATA[]]></system-err>
</testsuite>
