<?xml version="1.0" encoding="UTF-8"?>
<testsuite name="com.olympusgate.config.RedisConfigTest" tests="1" skipped="0" failures="0" errors="0" timestamp="2026-05-30T20:22:51" hostname="sysoutMac.local" time="0.001">
  <properties/>
  <testcase name="redis configuration class should exist()" classname="com.olympusgate.config.RedisConfigTest" time="0.001"/>
  <system-out><![CDATA[2026-05-30 17:22:51 - Could not detect default configuration classes for test class [com.olympusgate.config.RedisConfigTest]: RedisConfigTest does not declare any static, non-private, non-final, nested classes annotated with @Configuration.
2026-05-30 17:22:51 - Found @SpringBootConfiguration com.olympusgate.OlympusGateApplication for test class com.olympusgate.config.RedisConfigTest

  .   ____          _            __ _ _
 /\\ / ___'_ __ _ _(_)_ __  __ _ \ \ \ \
( ( )\___ | '_ | '_| | '_ \/ _` | \ \ \ \
 \\/  ___)| |_)| | | | | || (_| |  ) ) ) )
  '  |____| .__|_| |_|_| |_\__, | / / / /
 =========|_|==============|___/=/_/_/_/
 :: Spring Boot ::                (v3.2.5)

2026-05-30 17:22:51 - Starting RedisConfigTest using Java 21.0.10 with PID 62001 (started by sysout in /Users/sysout/codesys/projects/olympus-gate)
2026-05-30 17:22:51 - Running with Spring Boot v3.2.5, Spring v6.1.6
2026-05-30 17:22:51 - The following 1 profile is active: "dev"
2026-05-30 17:22:51 - Exposing 1 endpoint(s) beneath base path '/actuator'
2026-05-30 17:22:51 - Started RedisConfigTest in 0.451 seconds (process running for 9.089)
]]></system-out>
  <system-err><![CDATA[]]></system-err>
</testsuite>
