<?xml version="1.0" encoding="UTF-8"?>
<testsuite name="com.olympusgate.ProjectStructureHexagonalTest" tests="4" skipped="0" failures="0" errors="0" timestamp="2026-05-30T20:22:46" hostname="sysoutMac.local" time="0.001">
  <properties/>
  <testcase name="api layer packages should exist()" classname="com.olympusgate.ProjectStructureHexagonalTest" time="0.0"/>
  <testcase name="application layer packages should exist()" classname="com.olympusgate.ProjectStructureHexagonalTest" time="0.001"/>
  <testcase name="infrastructure layer packages should exist()" classname="com.olympusgate.ProjectStructureHexagonalTest" time="0.0"/>
  <testcase name="domain layer packages should exist()" classname="com.olympusgate.ProjectStructureHexagonalTest" time="0.0"/>
  <system-out><![CDATA[]]></system-out>
  <system-err><![CDATA[]]></system-err>
</testsuite>
