<?xml version="1.0" encoding="UTF-8"?>
<testsuite name="com.olympusgate.ReadmeTest" tests="4" skipped="0" failures="0" errors="0" timestamp="2026-05-30T20:22:46" hostname="sysoutMac.local" time="0.001">
  <properties/>
  <testcase name="readme should contain setup instructions()" classname="com.olympusgate.ReadmeTest" time="0.0"/>
  <testcase name="readme should contain project name()" classname="com.olympusgate.ReadmeTest" time="0.0"/>
  <testcase name="readme should exist()" classname="com.olympusgate.ReadmeTest" time="0.001"/>
  <testcase name="readme should contain stack information()" classname="com.olympusgate.ReadmeTest" time="0.0"/>
  <system-out><![CDATA[]]></system-out>
  <system-err><![CDATA[]]></system-err>
</testsuite>
